
*** Running vivado
    with args -log Measure_wrapper.vds -m64 -product Vivado -mode batch -messageDb vivado.pb -notrace -source Measure_wrapper.tcl



****** Vivado v2025.1 (64-bit)
  **** SW Build 6140274 on Thu May 22 00:12:29 MDT 2025
  **** IP Build 6138677 on Thu May 22 03:10:11 MDT 2025
  **** SharedData Build 6139179 on Tue May 20 17:58:58 MDT 2025
  **** Start of session at: Thu Jan 29 20:02:47 2026
    ** Copyright 1986-2022 Xilinx, Inc. All Rights Reserved.
    ** Copyright 2022-2025 Advanced Micro Devices, Inc. All Rights Reserved.

source Measure_wrapper.tcl -notrace
INFO: [IP_Flow 19-234] Refreshing IP repositories
INFO: [IP_Flow 19-1704] No user IP repositories specified
INFO: [IP_Flow 19-2313] Loaded Vivado IP repository 'D:/XilinxVivado/2025.1/Vivado/data/ip'.
Command: synth_design -top Measure_wrapper -part xc7z035ffg900-2
Starting synth_design
Attempting to get a license for feature 'Synthesis' and/or device 'xc7z035'
INFO: [Common 17-349] Got license for feature 'Synthesis' and/or device 'xc7z035'
INFO: [Device 21-403] Loading part xc7z035ffg900-2
INFO: [Synth 8-7079] Multithreading enabled for synth_design using a maximum of 2 processes.
INFO: [Synth 8-7078] Launching helper process for spawning children vivado processes
INFO: [Synth 8-7075] Helper process launched with PID 30676
---------------------------------------------------------------------------------
Starting RTL Elaboration : Time (s): cpu = 00:00:04 ; elapsed = 00:00:04 . Memory (MB): peak = 1326.461 ; gain = 492.828
---------------------------------------------------------------------------------
INFO: [Synth 8-6157] synthesizing module 'Measure_wrapper' [G:/15F/project_backup2/project_backup2.gen/sources_1/bd/Measure/hdl/Measure_wrapper.v:13]
INFO: [Synth 8-6157] synthesizing module 'IOBUF' [D:/XilinxVivado/2025.1/Vivado/scripts/rt/data/unisim_comp.v:81434]
INFO: [Synth 8-6155] done synthesizing module 'IOBUF' (0#1) [D:/XilinxVivado/2025.1/Vivado/scripts/rt/data/unisim_comp.v:81434]
INFO: [Synth 8-6157] synthesizing module 'Measure' [g:/15F/project_backup2/project_backup2.gen/sources_1/bd/Measure/synth/Measure.v:13]
INFO: [Synth 8-6157] synthesizing module 'Measure_Top_Module_0_0' [G:/15F/project_backup2/project_backup2.runs/synth_1/.Xil/Vivado-5488-JoeyBoy-MagicBook/realtime/Measure_Top_Module_0_0_stub.v:6]
INFO: [Synth 8-6155] done synthesizing module 'Measure_Top_Module_0_0' (0#1) [G:/15F/project_backup2/project_backup2.runs/synth_1/.Xil/Vivado-5488-JoeyBoy-MagicBook/realtime/Measure_Top_Module_0_0_stub.v:6]
INFO: [Synth 8-6157] synthesizing module 'Measure_axi_gpio_0_0' [G:/15F/project_backup2/project_backup2.runs/synth_1/.Xil/Vivado-5488-JoeyBoy-MagicBook/realtime/Measure_axi_gpio_0_0_stub.v:6]
INFO: [Synth 8-6155] done synthesizing module 'Measure_axi_gpio_0_0' (0#1) [G:/15F/project_backup2/project_backup2.runs/synth_1/.Xil/Vivado-5488-JoeyBoy-MagicBook/realtime/Measure_axi_gpio_0_0_stub.v:6]
INFO: [Synth 8-6157] synthesizing module 'Measure_axi_gpio_1_1' [G:/15F/project_backup2/project_backup2.runs/synth_1/.Xil/Vivado-5488-JoeyBoy-MagicBook/realtime/Measure_axi_gpio_1_1_stub.v:6]
INFO: [Synth 8-6155] done synthesizing module 'Measure_axi_gpio_1_1' (0#1) [G:/15F/project_backup2/project_backup2.runs/synth_1/.Xil/Vivado-5488-JoeyBoy-MagicBook/realtime/Measure_axi_gpio_1_1_stub.v:6]
INFO: [Synth 8-6157] synthesizing module 'Measure_axi_smc_0' [G:/15F/project_backup2/project_backup2.runs/synth_1/.Xil/Vivado-5488-JoeyBoy-MagicBook/realtime/Measure_axi_smc_0_stub.v:6]
INFO: [Synth 8-6155] done synthesizing module 'Measure_axi_smc_0' (0#1) [G:/15F/project_backup2/project_backup2.runs/synth_1/.Xil/Vivado-5488-JoeyBoy-MagicBook/realtime/Measure_axi_smc_0_stub.v:6]
WARNING: [Synth 8-7071] port 'M00_AXI_awprot' of module 'Measure_axi_smc_0' is unconnected for instance 'axi_smc' [g:/15F/project_backup2/project_backup2.gen/sources_1/bd/Measure/synth/Measure.v:269]
WARNING: [Synth 8-7071] port 'M00_AXI_arprot' of module 'Measure_axi_smc_0' is unconnected for instance 'axi_smc' [g:/15F/project_backup2/project_backup2.gen/sources_1/bd/Measure/synth/Measure.v:269]
WARNING: [Synth 8-7071] port 'M01_AXI_awprot' of module 'Measure_axi_smc_0' is unconnected for instance 'axi_smc' [g:/15F/project_backup2/project_backup2.gen/sources_1/bd/Measure/synth/Measure.v:269]
WARNING: [Synth 8-7071] port 'M01_AXI_arprot' of module 'Measure_axi_smc_0' is unconnected for instance 'axi_smc' [g:/15F/project_backup2/project_backup2.gen/sources_1/bd/Measure/synth/Measure.v:269]
WARNING: [Synth 8-7023] instance 'axi_smc' of module 'Measure_axi_smc_0' has 78 connections declared, but only 74 given [g:/15F/project_backup2/project_backup2.gen/sources_1/bd/Measure/synth/Measure.v:269]
INFO: [Synth 8-6157] synthesizing module 'Measure_processing_system7_0_0' [G:/15F/project_backup2/project_backup2.runs/synth_1/.Xil/Vivado-5488-JoeyBoy-MagicBook/realtime/Measure_processing_system7_0_0_stub.v:6]
INFO: [Synth 8-6155] done synthesizing module 'Measure_processing_system7_0_0' (0#1) [G:/15F/project_backup2/project_backup2.runs/synth_1/.Xil/Vivado-5488-JoeyBoy-MagicBook/realtime/Measure_processing_system7_0_0_stub.v:6]
INFO: [Synth 8-6157] synthesizing module 'Measure_rst_ps7_0_50M_0' [G:/15F/project_backup2/project_backup2.runs/synth_1/.Xil/Vivado-5488-JoeyBoy-MagicBook/realtime/Measure_rst_ps7_0_50M_0_stub.v:6]
INFO: [Synth 8-6155] done synthesizing module 'Measure_rst_ps7_0_50M_0' (0#1) [G:/15F/project_backup2/project_backup2.runs/synth_1/.Xil/Vivado-5488-JoeyBoy-MagicBook/realtime/Measure_rst_ps7_0_50M_0_stub.v:6]
WARNING: [Synth 8-7071] port 'mb_reset' of module 'Measure_rst_ps7_0_50M_0' is unconnected for instance 'rst_ps7_0_50M' [g:/15F/project_backup2/project_backup2.gen/sources_1/bd/Measure/synth/Measure.v:424]
WARNING: [Synth 8-7071] port 'bus_struct_reset' of module 'Measure_rst_ps7_0_50M_0' is unconnected for instance 'rst_ps7_0_50M' [g:/15F/project_backup2/project_backup2.gen/sources_1/bd/Measure/synth/Measure.v:424]
WARNING: [Synth 8-7071] port 'peripheral_reset' of module 'Measure_rst_ps7_0_50M_0' is unconnected for instance 'rst_ps7_0_50M' [g:/15F/project_backup2/project_backup2.gen/sources_1/bd/Measure/synth/Measure.v:424]
WARNING: [Synth 8-7071] port 'interconnect_aresetn' of module 'Measure_rst_ps7_0_50M_0' is unconnected for instance 'rst_ps7_0_50M' [g:/15F/project_backup2/project_backup2.gen/sources_1/bd/Measure/synth/Measure.v:424]
WARNING: [Synth 8-7023] instance 'rst_ps7_0_50M' of module 'Measure_rst_ps7_0_50M_0' has 10 connections declared, but only 6 given [g:/15F/project_backup2/project_backup2.gen/sources_1/bd/Measure/synth/Measure.v:424]
INFO: [Synth 8-6155] done synthesizing module 'Measure' (0#1) [g:/15F/project_backup2/project_backup2.gen/sources_1/bd/Measure/synth/Measure.v:13]
INFO: [Synth 8-6155] done synthesizing module 'Measure_wrapper' (0#1) [G:/15F/project_backup2/project_backup2.gen/sources_1/bd/Measure/hdl/Measure_wrapper.v:13]
---------------------------------------------------------------------------------
Finished RTL Elaboration : Time (s): cpu = 00:00:05 ; elapsed = 00:00:05 . Memory (MB): peak = 1440.684 ; gain = 607.051
---------------------------------------------------------------------------------
---------------------------------------------------------------------------------
Start Handling Custom Attributes
---------------------------------------------------------------------------------
---------------------------------------------------------------------------------
Finished Handling Custom Attributes : Time (s): cpu = 00:00:05 ; elapsed = 00:00:05 . Memory (MB): peak = 1440.684 ; gain = 607.051
---------------------------------------------------------------------------------
---------------------------------------------------------------------------------
Finished RTL Optimization Phase 1 : Time (s): cpu = 00:00:05 ; elapsed = 00:00:05 . Memory (MB): peak = 1440.684 ; gain = 607.051
---------------------------------------------------------------------------------
Netlist sorting complete. Time (s): cpu = 00:00:00 ; elapsed = 00:00:00.003 . Memory (MB): peak = 1440.684 ; gain = 0.000
INFO: [Netlist 29-17] Analyzing 8 Unisim elements for replacement
INFO: [Netlist 29-28] Unisim Transformation completed in 0 CPU seconds
INFO: [Project 1-570] Preparing netlist for logic optimization

Processing XDC Constraints
Initializing timing engine
Parsing XDC File [g:/15F/project_backup2/project_backup2.gen/sources_1/bd/Measure/ip/Measure_processing_system7_0_0/Measure_processing_system7_0_0/Measure_processing_system7_0_0_in_context.xdc] for cell 'Measure_i/processing_system7_0'
Finished Parsing XDC File [g:/15F/project_backup2/project_backup2.gen/sources_1/bd/Measure/ip/Measure_processing_system7_0_0/Measure_processing_system7_0_0/Measure_processing_system7_0_0_in_context.xdc] for cell 'Measure_i/processing_system7_0'
Parsing XDC File [g:/15F/project_backup2/project_backup2.gen/sources_1/bd/Measure/ip/Measure_Top_Module_0_0/Measure_Top_Module_0_0/Measure_Top_Module_0_0_in_context.xdc] for cell 'Measure_i/Top_Module_0'
Finished Parsing XDC File [g:/15F/project_backup2/project_backup2.gen/sources_1/bd/Measure/ip/Measure_Top_Module_0_0/Measure_Top_Module_0_0/Measure_Top_Module_0_0_in_context.xdc] for cell 'Measure_i/Top_Module_0'
Parsing XDC File [g:/15F/project_backup2/project_backup2.gen/sources_1/bd/Measure/ip/Measure_axi_gpio_0_0/Measure_axi_gpio_0_0/Measure_axi_gpio_0_0_in_context.xdc] for cell 'Measure_i/axi_gpio_0'
Finished Parsing XDC File [g:/15F/project_backup2/project_backup2.gen/sources_1/bd/Measure/ip/Measure_axi_gpio_0_0/Measure_axi_gpio_0_0/Measure_axi_gpio_0_0_in_context.xdc] for cell 'Measure_i/axi_gpio_0'
Parsing XDC File [g:/15F/project_backup2/project_backup2.gen/sources_1/bd/Measure/ip/Measure_axi_smc_0/Measure_axi_smc_0/Measure_axi_smc_0_in_context.xdc] for cell 'Measure_i/axi_smc'
Finished Parsing XDC File [g:/15F/project_backup2/project_backup2.gen/sources_1/bd/Measure/ip/Measure_axi_smc_0/Measure_axi_smc_0/Measure_axi_smc_0_in_context.xdc] for cell 'Measure_i/axi_smc'
Parsing XDC File [g:/15F/project_backup2/project_backup2.gen/sources_1/bd/Measure/ip/Measure_rst_ps7_0_50M_0/Measure_rst_ps7_0_50M_0/Measure_rst_ps7_0_50M_0_in_context.xdc] for cell 'Measure_i/rst_ps7_0_50M'
Finished Parsing XDC File [g:/15F/project_backup2/project_backup2.gen/sources_1/bd/Measure/ip/Measure_rst_ps7_0_50M_0/Measure_rst_ps7_0_50M_0/Measure_rst_ps7_0_50M_0_in_context.xdc] for cell 'Measure_i/rst_ps7_0_50M'
Parsing XDC File [g:/15F/project_backup2/project_backup2.gen/sources_1/bd/Measure/ip/Measure_axi_gpio_1_1/Measure_axi_gpio_1_1/Measure_axi_gpio_0_0_in_context.xdc] for cell 'Measure_i/axi_gpio_1'
Finished Parsing XDC File [g:/15F/project_backup2/project_backup2.gen/sources_1/bd/Measure/ip/Measure_axi_gpio_1_1/Measure_axi_gpio_1_1/Measure_axi_gpio_0_0_in_context.xdc] for cell 'Measure_i/axi_gpio_1'
Parsing XDC File [G:/15F/project_backup2/project_backup2.srcs/constrs_1/new/PinState.xdc]
WARNING: [Vivado 12-507] No nets matched 'signal_in_IBUF'. [G:/15F/project_backup2/project_backup2.srcs/constrs_1/new/PinState.xdc:5]
Finished Parsing XDC File [G:/15F/project_backup2/project_backup2.srcs/constrs_1/new/PinState.xdc]
WARNING: [Project 1-498] One or more constraints failed evaluation while reading constraint file [G:/15F/project_backup2/project_backup2.srcs/constrs_1/new/PinState.xdc] and the design contains unresolved black boxes. These constraints will be read post-synthesis (as long as their source constraint file is marked as used_in_implementation) and should be applied correctly then. You should review the constraints listed in the file [.Xil/Measure_wrapper_propImpl.xdc] and check the run log file to verify that these constraints were correctly applied.
INFO: [Project 1-236] Implementation specific constraints were found while reading constraint file [G:/15F/project_backup2/project_backup2.srcs/constrs_1/new/PinState.xdc]. These constraints will be ignored for synthesis but will be used in implementation. Impacted constraints are listed in the file [.Xil/Measure_wrapper_propImpl.xdc].
Resolution: To avoid this warning, move constraints listed in [.Xil/Measure_wrapper_propImpl.xdc] to another XDC file and exclude this new file from synthesis with the used_in_synthesis property (File Properties dialog in GUI) and re-run elaboration/synthesis.
Parsing XDC File [G:/15F/project_backup2/project_backup2.runs/synth_1/dont_touch.xdc]
Finished Parsing XDC File [G:/15F/project_backup2/project_backup2.runs/synth_1/dont_touch.xdc]
Completed Processing XDC Constraints

Netlist sorting complete. Time (s): cpu = 00:00:00 ; elapsed = 00:00:00 . Memory (MB): peak = 1440.684 ; gain = 0.000
INFO: [Project 1-111] Unisim Transformation Summary:
  A total of 8 instances were transformed.
  IOBUF => IOBUF (IBUF, OBUFT): 8 instances

Constraint Validation Runtime : Time (s): cpu = 00:00:00 ; elapsed = 00:00:00.006 . Memory (MB): peak = 1440.684 ; gain = 0.000
---------------------------------------------------------------------------------
Finished Constraint Validation : Time (s): cpu = 00:00:10 ; elapsed = 00:00:10 . Memory (MB): peak = 1440.684 ; gain = 607.051
---------------------------------------------------------------------------------
---------------------------------------------------------------------------------
Start Loading Part and Timing Information
---------------------------------------------------------------------------------
Loading part: xc7z035ffg900-2
---------------------------------------------------------------------------------
Finished Loading Part and Timing Information : Time (s): cpu = 00:00:10 ; elapsed = 00:00:10 . Memory (MB): peak = 1440.684 ; gain = 607.051
---------------------------------------------------------------------------------
---------------------------------------------------------------------------------
Start Applying 'set_property' XDC Constraints
---------------------------------------------------------------------------------
---------------------------------------------------------------------------------
Finished applying 'set_property' XDC Constraints : Time (s): cpu = 00:00:10 ; elapsed = 00:00:11 . Memory (MB): peak = 1440.684 ; gain = 607.051
---------------------------------------------------------------------------------
---------------------------------------------------------------------------------
Finished RTL Optimization Phase 2 : Time (s): cpu = 00:00:10 ; elapsed = 00:00:11 . Memory (MB): peak = 1440.684 ; gain = 607.051
---------------------------------------------------------------------------------
---------------------------------------------------------------------------------
Start RTL Component Statistics 
---------------------------------------------------------------------------------
Detailed RTL Component Info : 
---------------------------------------------------------------------------------
Finished RTL Component Statistics 
---------------------------------------------------------------------------------
---------------------------------------------------------------------------------
Start Part Resource Summary
---------------------------------------------------------------------------------
Part Resources:
DSPs: 900 (col length:140)
BRAMs: 1000 (col length: RAMB18 140 RAMB36 70)
---------------------------------------------------------------------------------
Finished Part Resource Summary
---------------------------------------------------------------------------------
---------------------------------------------------------------------------------
Start Cross Boundary and Area Optimization
---------------------------------------------------------------------------------
WARNING: [Synth 8-7080] Parallel synthesis criteria is not met
---------------------------------------------------------------------------------
Finished Cross Boundary and Area Optimization : Time (s): cpu = 00:00:11 ; elapsed = 00:00:12 . Memory (MB): peak = 1450.547 ; gain = 616.914
---------------------------------------------------------------------------------
---------------------------------------------------------------------------------
Start Applying XDC Timing Constraints
---------------------------------------------------------------------------------
---------------------------------------------------------------------------------
Finished Applying XDC Timing Constraints : Time (s): cpu = 00:00:15 ; elapsed = 00:00:16 . Memory (MB): peak = 1624.852 ; gain = 791.219
---------------------------------------------------------------------------------
---------------------------------------------------------------------------------
Start Timing Optimization
---------------------------------------------------------------------------------
---------------------------------------------------------------------------------
Finished Timing Optimization : Time (s): cpu = 00:00:15 ; elapsed = 00:00:16 . Memory (MB): peak = 1625.543 ; gain = 791.910
---------------------------------------------------------------------------------
---------------------------------------------------------------------------------
Start Technology Mapping
---------------------------------------------------------------------------------
---------------------------------------------------------------------------------
Finished Technology Mapping : Time (s): cpu = 00:00:15 ; elapsed = 00:00:16 . Memory (MB): peak = 1635.352 ; gain = 801.719
---------------------------------------------------------------------------------
---------------------------------------------------------------------------------
Start IO Insertion
---------------------------------------------------------------------------------
---------------------------------------------------------------------------------
Start Flattening Before IO Insertion
---------------------------------------------------------------------------------
---------------------------------------------------------------------------------
Finished Flattening Before IO Insertion
---------------------------------------------------------------------------------
---------------------------------------------------------------------------------
Start Final Netlist Cleanup
---------------------------------------------------------------------------------
---------------------------------------------------------------------------------
Finished Final Netlist Cleanup
---------------------------------------------------------------------------------
---------------------------------------------------------------------------------
Finished IO Insertion : Time (s): cpu = 00:00:18 ; elapsed = 00:00:19 . Memory (MB): peak = 1870.168 ; gain = 1036.535
---------------------------------------------------------------------------------
---------------------------------------------------------------------------------
Start Renaming Generated Instances
---------------------------------------------------------------------------------
---------------------------------------------------------------------------------
Finished Renaming Generated Instances : Time (s): cpu = 00:00:18 ; elapsed = 00:00:19 . Memory (MB): peak = 1870.168 ; gain = 1036.535
---------------------------------------------------------------------------------
---------------------------------------------------------------------------------
Start Rebuilding User Hierarchy
---------------------------------------------------------------------------------
---------------------------------------------------------------------------------
Finished Rebuilding User Hierarchy : Time (s): cpu = 00:00:18 ; elapsed = 00:00:19 . Memory (MB): peak = 1870.168 ; gain = 1036.535
---------------------------------------------------------------------------------
---------------------------------------------------------------------------------
Start Renaming Generated Ports
---------------------------------------------------------------------------------
---------------------------------------------------------------------------------
Finished Renaming Generated Ports : Time (s): cpu = 00:00:18 ; elapsed = 00:00:19 . Memory (MB): peak = 1870.168 ; gain = 1036.535
---------------------------------------------------------------------------------
---------------------------------------------------------------------------------
Start Handling Custom Attributes
---------------------------------------------------------------------------------
---------------------------------------------------------------------------------
Finished Handling Custom Attributes : Time (s): cpu = 00:00:18 ; elapsed = 00:00:19 . Memory (MB): peak = 1870.168 ; gain = 1036.535
---------------------------------------------------------------------------------
---------------------------------------------------------------------------------
Start Renaming Generated Nets
---------------------------------------------------------------------------------
---------------------------------------------------------------------------------
Finished Renaming Generated Nets : Time (s): cpu = 00:00:18 ; elapsed = 00:00:19 . Memory (MB): peak = 1870.168 ; gain = 1036.535
---------------------------------------------------------------------------------
---------------------------------------------------------------------------------
Start Writing Synthesis Report
---------------------------------------------------------------------------------

Report BlackBoxes: 
+------+-------------------------------+----------+
|      |BlackBox name                  |Instances |
+------+-------------------------------+----------+
|1     |Measure_Top_Module_0_0         |         1|
|2     |Measure_axi_gpio_0_0           |         1|
|3     |Measure_axi_gpio_1_1           |         1|
|4     |Measure_axi_smc_0              |         1|
|5     |Measure_processing_system7_0_0 |         1|
|6     |Measure_rst_ps7_0_50M_0        |         1|
+------+-------------------------------+----------+

Report Cell Usage: 
+------+-----------------------------+------+
|      |Cell                         |Count |
+------+-----------------------------+------+
|1     |Measure_Top_Module_0         |     1|
|2     |Measure_axi_gpio_0           |     1|
|3     |Measure_axi_gpio_1           |     1|
|4     |Measure_axi_smc              |     1|
|5     |Measure_processing_system7_0 |     1|
|6     |Measure_rst_ps7_0_50M        |     1|
|7     |IBUF                         |     2|
|8     |IOBUF                        |     8|
|9     |OBUF                         |     2|
+------+-----------------------------+------+
---------------------------------------------------------------------------------
Finished Writing Synthesis Report : Time (s): cpu = 00:00:18 ; elapsed = 00:00:19 . Memory (MB): peak = 1870.168 ; gain = 1036.535
---------------------------------------------------------------------------------
Synthesis finished with 0 errors, 0 critical warnings and 1 warnings.
Synthesis Optimization Runtime : Time (s): cpu = 00:00:12 ; elapsed = 00:00:17 . Memory (MB): peak = 1870.168 ; gain = 1036.535
Synthesis Optimization Complete : Time (s): cpu = 00:00:18 ; elapsed = 00:00:19 . Memory (MB): peak = 1870.168 ; gain = 1036.535
INFO: [Project 1-571] Translating synthesized netlist
Netlist sorting complete. Time (s): cpu = 00:00:00 ; elapsed = 00:00:00.003 . Memory (MB): peak = 1870.168 ; gain = 0.000
INFO: [Netlist 29-17] Analyzing 8 Unisim elements for replacement
INFO: [Netlist 29-28] Unisim Transformation completed in 0 CPU seconds
INFO: [Project 1-570] Preparing netlist for logic optimization
INFO: [Opt 31-138] Pushed 0 inverter(s) to 0 load pin(s).
Netlist sorting complete. Time (s): cpu = 00:00:00 ; elapsed = 00:00:00 . Memory (MB): peak = 1888.668 ; gain = 0.000
INFO: [Project 1-111] Unisim Transformation Summary:
  A total of 8 instances were transformed.
  IOBUF => IOBUF (IBUF, OBUFT): 8 instances

Synth Design complete | Checksum: 7e69cc6e
INFO: [Common 17-83] Releasing license: Synthesis
38 Infos, 13 Warnings, 0 Critical Warnings and 0 Errors encountered.
synth_design completed successfully
synth_design: Time (s): cpu = 00:00:20 ; elapsed = 00:00:26 . Memory (MB): peak = 1888.668 ; gain = 1342.562
Write ShapeDB Complete: Time (s): cpu = 00:00:00 ; elapsed = 00:00:00.001 . Memory (MB): peak = 1888.668 ; gain = 0.000
INFO: [Common 17-1381] The checkpoint 'G:/15F/project_backup2/project_backup2.runs/synth_1/Measure_wrapper.dcp' has been generated.
INFO: [Vivado 12-24828] Executing command : report_utilization -file Measure_wrapper_utilization_synth.rpt -pb Measure_wrapper_utilization_synth.pb
INFO: [Common 17-206] Exiting Vivado at Thu Jan 29 20:03:21 2026...
