Copyright 1986-2022 Xilinx, Inc. All Rights Reserved. Copyright 2022-2025 Advanced Micro Devices, Inc. All Rights Reserved.
---------------------------------------------------------------------------------------------------------------------------------------------
| Tool Version : Vivado v.2025.1 (win64) Build 6140274 Thu May 22 00:12:29 MDT 2025
| Date         : Thu Jan 29 20:04:06 2026
| Host         : JoeyBoy-MagicBook running 64-bit major release  (build 9200)
| Command      : report_control_sets -verbose -file Measure_wrapper_control_sets_placed.rpt
| Design       : Measure_wrapper
| Device       : xc7z035
---------------------------------------------------------------------------------------------------------------------------------------------

Control Set Information

Table of Contents
-----------------
1. Summary
2. Histogram
3. Flip-Flop Distribution
4. Detailed Control Set Information

1. Summary
----------

+----------------------------------------------------------+-------+
|                          Status                          | Count |
+----------------------------------------------------------+-------+
| Total control sets                                       |   105 |
|    Minimum number of control sets                        |   105 |
|    Addition due to synthesis replication                 |     0 |
|    Addition due to physical synthesis replication        |     0 |
| Unused register locations in slices containing registers |   445 |
+----------------------------------------------------------+-------+
* Control sets can be merged at opt_design using control_set_merge or merge_equivalent_drivers
** Run report_qor_suggestions for automated merging and remapping suggestions


2. Histogram
------------

+--------------------+-------+
|       Fanout       | Count |
+--------------------+-------+
| Total control sets |   105 |
| >= 0 to < 4        |    45 |
| >= 4 to < 6        |    11 |
| >= 6 to < 8        |     2 |
| >= 8 to < 10       |     8 |
| >= 10 to < 12      |     1 |
| >= 12 to < 14      |     5 |
| >= 14 to < 16      |     0 |
| >= 16              |    33 |
+--------------------+-------+
* Control sets can be remapped at either synth_design or opt_design


3. Flip-Flop Distribution
-------------------------

+--------------+-----------------------+------------------------+-----------------+--------------+
| Clock Enable | Synchronous Set/Reset | Asynchronous Set/Reset | Total Registers | Total Slices |
+--------------+-----------------------+------------------------+-----------------+--------------+
| No           | No                    | No                     |             851 |          202 |
| No           | No                    | Yes                    |              76 |           26 |
| No           | Yes                   | No                     |             353 |          134 |
| Yes          | No                    | No                     |             236 |           50 |
| Yes          | No                    | Yes                    |             203 |           38 |
| Yes          | Yes                   | No                     |             484 |          121 |
+--------------+-----------------------+------------------------+-----------------+--------------+


4. Detailed Control Set Information
-----------------------------------

+-------------------------------------------------------+------------------------------------------------------------------------------------------------------------------------------------------------------------------------------+---------------------------------------------------------------------------------------------------------------------+------------------+----------------+--------------+
|                      Clock Signal                     |                                                                                 Enable Signal                                                                                |                                                   Set/Reset Signal                                                  | Slice Load Count | Bel Load Count | Bels / Slice |
+-------------------------------------------------------+------------------------------------------------------------------------------------------------------------------------------------------------------------------------------+---------------------------------------------------------------------------------------------------------------------+------------------+----------------+--------------+
|  Measure_i/processing_system7_0/inst/FCLK_CLK0        |                                                                                                                                                                              | Measure_i/axi_smc/inst/m00_nodes/m00_aw_node/inst/s_sc_areset_pipe                                                  |                1 |              1 |         1.00 |
|  Measure_i/processing_system7_0/inst/FCLK_CLK0        |                                                                                                                                                                              | Measure_i/axi_smc/inst/s00_nodes/s00_r_node/inst/s_sc_areset_pipe                                                   |                1 |              1 |         1.00 |
|  Measure_i/processing_system7_0/inst/FCLK_CLK0        |                                                                                                                                                                              | Measure_i/axi_smc/inst/m01_nodes/m01_b_node/inst/s_sc_areset_pipe                                                   |                1 |              1 |         1.00 |
|  Measure_i/processing_system7_0/inst/FCLK_CLK0        |                                                                                                                                                                              | Measure_i/axi_smc/inst/s00_nodes/s00_b_node/inst/s_sc_areset_pipe                                                   |                1 |              1 |         1.00 |
|  Measure_i/processing_system7_0/inst/FCLK_CLK0        |                                                                                                                                                                              | Measure_i/axi_smc/inst/s00_nodes/s00_aw_node/inst/s_sc_areset_pipe                                                  |                1 |              1 |         1.00 |
|  Measure_i/processing_system7_0/inst/FCLK_CLK0        |                                                                                                                                                                              | Measure_i/axi_smc/inst/switchboards/i_nodes/i_ar_node/inst/s_sc_areset_pipe                                         |                1 |              1 |         1.00 |
|  Measure_i/processing_system7_0/inst/FCLK_CLK0        |                                                                                                                                                                              | Measure_i/axi_smc/inst/m00_nodes/m00_r_node/inst/s_sc_areset_pipe                                                   |                1 |              1 |         1.00 |
|  Measure_i/processing_system7_0/inst/FCLK_CLK0        |                                                                                                                                                                              | Measure_i/axi_smc/inst/m01_nodes/m01_aw_node/inst/s_sc_areset_pipe                                                  |                1 |              1 |         1.00 |
|  Measure_i/processing_system7_0/inst/FCLK_CLK0        |                                                                                                                                                                              | Measure_i/axi_smc/inst/switchboards/i_nodes/i_w_node/inst/s_sc_areset_pipe                                          |                1 |              1 |         1.00 |
|  Measure_i/processing_system7_0/inst/FCLK_CLK0        |                                                                                                                                                                              | Measure_i/axi_smc/inst/s00_nodes/s00_ar_node/inst/s_sc_areset_pipe                                                  |                1 |              1 |         1.00 |
|  Measure_i/processing_system7_0/inst/FCLK_CLK0        |                                                                                                                                                                              | Measure_i/axi_smc/inst/m00_nodes/m00_w_node/inst/s_sc_areset_pipe                                                   |                1 |              1 |         1.00 |
|  Measure_i/processing_system7_0/inst/FCLK_CLK0        |                                                                                                                                                                              | Measure_i/axi_smc/inst/m00_nodes/m00_ar_node/inst/s_sc_areset_pipe                                                  |                1 |              1 |         1.00 |
|  Measure_i/processing_system7_0/inst/FCLK_CLK0        |                                                                                                                                                                              | Measure_i/axi_smc/inst/switchboards/i_nodes/i_r_node/inst/s_sc_areset_pipe                                          |                1 |              1 |         1.00 |
|  Measure_i/processing_system7_0/inst/FCLK_CLK0        |                                                                                                                                                                              | Measure_i/axi_smc/inst/m01_nodes/m01_r_node/inst/s_sc_areset_pipe                                                   |                1 |              1 |         1.00 |
|  Measure_i/processing_system7_0/inst/FCLK_CLK0        |                                                                                                                                                                              | Measure_i/axi_smc/inst/m01_nodes/m01_w_node/inst/s_sc_areset_pipe                                                   |                1 |              1 |         1.00 |
|  Measure_i/processing_system7_0/inst/FCLK_CLK0        |                                                                                                                                                                              | Measure_i/axi_smc/inst/m01_nodes/m01_ar_node/inst/s_sc_areset_pipe                                                  |                1 |              1 |         1.00 |
|  Measure_i/processing_system7_0/inst/FCLK_CLK0        |                                                                                                                                                                              | Measure_i/axi_smc/inst/m00_nodes/m00_b_node/inst/s_sc_areset_pipe                                                   |                1 |              1 |         1.00 |
|  Measure_i/processing_system7_0/inst/FCLK_CLK0        |                                                                                                                                                                              | Measure_i/axi_smc/inst/s00_nodes/s00_w_node/inst/s_sc_areset_pipe                                                   |                1 |              1 |         1.00 |
|  Measure_i/processing_system7_0/inst/FCLK_CLK0        |                                                                                                                                                                              | Measure_i/axi_smc/inst/switchboards/i_nodes/i_aw_node/inst/s_sc_areset_pipe                                         |                1 |              1 |         1.00 |
|  Measure_i/processing_system7_0/inst/FCLK_CLK0        |                                                                                                                                                                              | Measure_i/axi_smc/inst/switchboards/i_nodes/i_b_node/inst/s_sc_areset_pipe                                          |                1 |              1 |         1.00 |
|  Measure_i/processing_system7_0/inst/FCLK_CLK0        |                                                                                                                                                                              | Measure_i/axi_smc/inst/switchboards/i_nodes/i_w_node/inst/s_sc_xpm_cdc_async_rst_inst/reset_pol                     |                1 |              3 |         3.00 |
|  Measure_i/processing_system7_0/inst/FCLK_CLK0        |                                                                                                                                                                              | Measure_i/axi_smc/inst/m00_nodes/m00_ar_node/inst/s_sc_xpm_cdc_async_rst_inst/reset_pol                             |                1 |              3 |         3.00 |
|  Measure_i/processing_system7_0/inst/FCLK_CLK0        |                                                                                                                                                                              | Measure_i/axi_smc/inst/m01_nodes/m01_b_node/inst/s_sc_xpm_cdc_async_rst_inst/reset_pol                              |                1 |              3 |         3.00 |
|  Measure_i/processing_system7_0/inst/FCLK_CLK0        |                                                                                                                                                                              | Measure_i/axi_smc/inst/m00_nodes/m00_b_node/inst/s_sc_xpm_cdc_async_rst_inst/reset_pol                              |                1 |              3 |         3.00 |
|  Measure_i/processing_system7_0/inst/FCLK_CLK0        |                                                                                                                                                                              | Measure_i/axi_smc/inst/m00_nodes/m00_r_node/inst/s_sc_xpm_cdc_async_rst_inst/reset_pol                              |                1 |              3 |         3.00 |
|  Measure_i/processing_system7_0/inst/FCLK_CLK0        |                                                                                                                                                                              | Measure_i/axi_smc/inst/m00_nodes/m00_w_node/inst/s_sc_xpm_cdc_async_rst_inst/reset_pol                              |                1 |              3 |         3.00 |
|  Measure_i/processing_system7_0/inst/FCLK_CLK0        |                                                                                                                                                                              | Measure_i/axi_smc/inst/m01_exit_pipeline/m01_exit/inst/xpm_cdc_async_rst_inst/reset_pol                             |                1 |              3 |         3.00 |
|  Measure_i/processing_system7_0/inst/FCLK_CLK0        |                                                                                                                                                                              | Measure_i/axi_smc/inst/m01_nodes/m01_aw_node/inst/s_sc_xpm_cdc_async_rst_inst/reset_pol                             |                1 |              3 |         3.00 |
|  Measure_i/processing_system7_0/inst/FCLK_CLK0        |                                                                                                                                                                              | Measure_i/axi_smc/inst/m01_nodes/m01_r_node/inst/s_sc_xpm_cdc_async_rst_inst/reset_pol                              |                1 |              3 |         3.00 |
|  Measure_i/processing_system7_0/inst/FCLK_CLK0        |                                                                                                                                                                              | Measure_i/axi_smc/inst/m01_nodes/m01_ar_node/inst/s_sc_xpm_cdc_async_rst_inst/reset_pol                             |                1 |              3 |         3.00 |
|  Measure_i/processing_system7_0/inst/FCLK_CLK0        |                                                                                                                                                                              | Measure_i/axi_smc/inst/m01_nodes/m01_w_node/inst/s_sc_xpm_cdc_async_rst_inst/reset_pol                              |                1 |              3 |         3.00 |
|  Measure_i/processing_system7_0/inst/FCLK_CLK0        |                                                                                                                                                                              | Measure_i/axi_smc/inst/s00_entry_pipeline/s00_si_converter/inst/xpm_cdc_async_rst_inst/reset_pol                    |                1 |              3 |         3.00 |
|  Measure_i/processing_system7_0/inst/FCLK_CLK0        |                                                                                                                                                                              | Measure_i/axi_smc/inst/switchboards/i_nodes/i_r_node/inst/s_sc_xpm_cdc_async_rst_inst/reset_pol                     |                1 |              3 |         3.00 |
|  Measure_i/processing_system7_0/inst/FCLK_CLK0        |                                                                                                                                                                              | Measure_i/axi_smc/inst/s00_nodes/s00_ar_node/inst/s_sc_xpm_cdc_async_rst_inst/reset_pol                             |                1 |              3 |         3.00 |
|  Measure_i/processing_system7_0/inst/FCLK_CLK0        |                                                                                                                                                                              | Measure_i/axi_smc/inst/s00_entry_pipeline/s00_transaction_regulator/inst/xpm_cdc_async_rst_inst/reset_pol           |                1 |              3 |         3.00 |
|  Measure_i/processing_system7_0/inst/FCLK_CLK0        |                                                                                                                                                                              | Measure_i/axi_smc/inst/s00_nodes/s00_aw_node/inst/s_sc_xpm_cdc_async_rst_inst/reset_pol                             |                1 |              3 |         3.00 |
|  Measure_i/processing_system7_0/inst/FCLK_CLK0        |                                                                                                                                                                              | Measure_i/axi_smc/inst/s00_nodes/s00_b_node/inst/s_sc_xpm_cdc_async_rst_inst/reset_pol                              |                1 |              3 |         3.00 |
|  Measure_i/processing_system7_0/inst/FCLK_CLK0        |                                                                                                                                                                              | Measure_i/axi_smc/inst/s00_nodes/s00_r_node/inst/s_sc_xpm_cdc_async_rst_inst/reset_pol                              |                1 |              3 |         3.00 |
|  Measure_i/processing_system7_0/inst/FCLK_CLK0        |                                                                                                                                                                              | Measure_i/axi_smc/inst/s00_nodes/s00_w_node/inst/s_sc_xpm_cdc_async_rst_inst/reset_pol                              |                1 |              3 |         3.00 |
|  Measure_i/processing_system7_0/inst/FCLK_CLK0        |                                                                                                                                                                              | Measure_i/axi_smc/inst/m00_exit_pipeline/m00_exit/inst/xpm_cdc_async_rst_inst/reset_pol                             |                1 |              3 |         3.00 |
|  Measure_i/processing_system7_0/inst/FCLK_CLK0        |                                                                                                                                                                              | Measure_i/axi_smc/inst/switchboards/i_nodes/i_ar_node/inst/s_sc_xpm_cdc_async_rst_inst/reset_pol                    |                1 |              3 |         3.00 |
|  Measure_i/processing_system7_0/inst/FCLK_CLK0        |                                                                                                                                                                              | Measure_i/axi_smc/inst/switchboards/i_nodes/i_aw_node/inst/s_sc_xpm_cdc_async_rst_inst/reset_pol                    |                1 |              3 |         3.00 |
|  Measure_i/processing_system7_0/inst/FCLK_CLK0        |                                                                                                                                                                              | Measure_i/axi_smc/inst/s00_entry_pipeline/s00_mmu/inst/xpm_cdc_async_rst_inst/reset_pol                             |                1 |              3 |         3.00 |
|  Measure_i/processing_system7_0/inst/FCLK_CLK0        |                                                                                                                                                                              | Measure_i/axi_smc/inst/m00_nodes/m00_aw_node/inst/s_sc_xpm_cdc_async_rst_inst/reset_pol                             |                1 |              3 |         3.00 |
|  Measure_i/processing_system7_0/inst/FCLK_CLK0        |                                                                                                                                                                              | Measure_i/axi_smc/inst/switchboards/i_nodes/i_b_node/inst/s_sc_xpm_cdc_async_rst_inst/reset_pol                     |                1 |              3 |         3.00 |
|  Measure_i/processing_system7_0/inst/FCLK_CLK0        |                                                                                                                                                                              | Measure_i/axi_gpio_1/U0/AXI_LITE_IPIF_I/I_SLAVE_ATTACHMENT/clear                                                    |                1 |              4 |         4.00 |
|  Measure_i/processing_system7_0/inst/FCLK_CLK0        |                                                                                                                                                                              | Measure_i/rst_ps7_0_50M/U0/EXT_LPF/lpf_int                                                                          |                1 |              4 |         4.00 |
|  Measure_i/processing_system7_0/inst/FCLK_CLK0        | Measure_i/axi_gpio_1/U0/AXI_LITE_IPIF_I/I_SLAVE_ATTACHMENT/start2                                                                                                            | Measure_i/axi_gpio_1/U0/AXI_LITE_IPIF_I/I_SLAVE_ATTACHMENT/I_DECODER/cs_ce_clr                                      |                2 |              4 |         2.00 |
|  Measure_i/processing_system7_0/inst/FCLK_CLK0        |                                                                                                                                                                              | Measure_i/axi_smc/inst/clk_map/psr_aclk/U0/EXT_LPF/lpf_int                                                          |                2 |              4 |         2.00 |
|  Measure_i/processing_system7_0/inst/FCLK_CLK0        |                                                                                                                                                                              | Measure_i/axi_gpio_0/U0/AXI_LITE_IPIF_I/I_SLAVE_ATTACHMENT/clear                                                    |                1 |              4 |         4.00 |
|  Measure_i/processing_system7_0/inst/FCLK_CLK0        | Measure_i/axi_gpio_1/U0/AXI_LITE_IPIF_I/I_SLAVE_ATTACHMENT/bus2ip_addr_i[8]_i_1_n_0                                                                                          | Measure_i/axi_gpio_1/U0/AXI_LITE_IPIF_I/I_SLAVE_ATTACHMENT/SR[0]                                                    |                1 |              4 |         4.00 |
|  Measure_i/processing_system7_0/inst/FCLK_CLK0        | Measure_i/axi_gpio_0/U0/AXI_LITE_IPIF_I/I_SLAVE_ATTACHMENT/start2                                                                                                            | Measure_i/axi_gpio_0/U0/AXI_LITE_IPIF_I/I_SLAVE_ATTACHMENT/I_DECODER/cs_ce_clr                                      |                2 |              4 |         2.00 |
|  Measure_i/processing_system7_0/inst/FCLK_CLK0        | Measure_i/axi_gpio_0/U0/AXI_LITE_IPIF_I/I_SLAVE_ATTACHMENT/bus2ip_addr_i[8]_i_1_n_0                                                                                          | Measure_i/axi_gpio_0/U0/AXI_LITE_IPIF_I/I_SLAVE_ATTACHMENT/SR[0]                                                    |                2 |              4 |         2.00 |
|  Measure_i/processing_system7_0/inst/FCLK_CLK0        | Measure_i/axi_smc/inst/s00_entry_pipeline/s00_si_converter/inst/gen_axilite_conv.axilite_conv_inst/r_state                                                                   | Measure_i/axi_smc/inst/s00_entry_pipeline/s00_si_converter/inst/areset                                              |                1 |              4 |         4.00 |
|  Measure_i/processing_system7_0/inst/FCLK_CLK0        | Measure_i/axi_smc/inst/switchboards/i_nodes/i_ar_node/inst/inst_mi_handler/gen_normal_area.inst_fifo_node_payld/gen_reg_fifo.inst_reg_fifo/gen_single_rank.data[132]_i_1_n_0 |                                                                                                                     |                1 |              5 |         5.00 |
|  Measure_i/processing_system7_0/inst/FCLK_CLK0        | Measure_i/axi_smc/inst/switchboards/i_nodes/i_aw_node/inst/inst_mi_handler/gen_normal_area.inst_fifo_node_payld/gen_reg_fifo.inst_reg_fifo/gen_single_rank.data[132]_i_1_n_0 |                                                                                                                     |                1 |              5 |         5.00 |
|  Measure_i/processing_system7_0/inst/FCLK_CLK0        | Measure_i/axi_smc/inst/clk_map/psr_aclk/U0/SEQ/seq_cnt_en                                                                                                                    | Measure_i/axi_smc/inst/clk_map/psr_aclk/U0/SEQ/SEQ_COUNTER/clear                                                    |                1 |              6 |         6.00 |
|  Measure_i/processing_system7_0/inst/FCLK_CLK0        | Measure_i/rst_ps7_0_50M/U0/SEQ/seq_cnt_en                                                                                                                                    | Measure_i/rst_ps7_0_50M/U0/SEQ/SEQ_COUNTER/clear                                                                    |                1 |              6 |         6.00 |
|  Measure_i/processing_system7_0/inst/FCLK_CLK0        | Measure_i/axi_smc/inst/s00_entry_pipeline/s00_mmu/inst/gen_endpoint.decerr_slave_inst/gen_axi.gen_read.read_cnt[7]_i_1_n_0                                                   | Measure_i/axi_smc/inst/s00_entry_pipeline/s00_mmu/inst/areset                                                       |                3 |              8 |         2.67 |
|  Measure_i/processing_system7_0/inst/FCLK_CLK0        | Measure_i/axi_smc/inst/s00_entry_pipeline/s00_si_converter/inst/gen_axilite_conv.axilite_conv_inst/r_beats[7]_i_1_n_0                                                        | Measure_i/axi_smc/inst/s00_entry_pipeline/s00_si_converter/inst/areset                                              |                3 |              8 |         2.67 |
|  Measure_i/processing_system7_0/inst/FCLK_CLK0        |                                                                                                                                                                              | Measure_i/axi_smc/inst/switchboards/i_nodes/i_r_node/inst/inst_si_handler/areset_r                                  |                3 |              8 |         2.67 |
|  Measure_i/processing_system7_0/inst/FCLK_CLK0        |                                                                                                                                                                              | Measure_i/axi_smc/inst/switchboards/i_nodes/i_b_node/inst/inst_si_handler/areset_r                                  |                3 |              8 |         2.67 |
|  Measure_i/processing_system7_0/inst/FCLK_CLK0        | Measure_i/axi_smc/inst/s00_entry_pipeline/s00_si_converter/inst/gen_axilite_conv.axilite_conv_inst/ar_cnt[7]_i_1_n_0                                                         | Measure_i/axi_smc/inst/s00_entry_pipeline/s00_si_converter/inst/areset                                              |                3 |              8 |         2.67 |
|  Measure_i/Top_Module_0/inst/u_sys_mmcm/inst/clk_out1 |                                                                                                                                                                              | Measure_i/Top_Module_0/inst/u_interval_measure/u_interval_counter/SR[0]                                             |                4 |              8 |         2.00 |
|  Measure_i/processing_system7_0/inst/FCLK_CLK0        | Measure_i/axi_smc/inst/s00_entry_pipeline/s00_si_converter/inst/gen_axilite_conv.axilite_conv_inst/w_cnt[8]_i_1_n_0                                                          | Measure_i/axi_smc/inst/s00_entry_pipeline/s00_si_converter/inst/areset                                              |                2 |              9 |         4.50 |
|  Measure_i/processing_system7_0/inst/FCLK_CLK0        | Measure_i/axi_smc/inst/s00_entry_pipeline/s00_si_converter/inst/gen_axilite_conv.axilite_conv_inst/s_buser                                                                   | Measure_i/axi_smc/inst/s00_entry_pipeline/s00_si_converter/inst/gen_axilite_conv.axilite_conv_inst/b_cnt[8]_i_1_n_0 |                2 |              9 |         4.50 |
|  Measure_i/processing_system7_0/inst/FCLK_CLK0        | Measure_i/axi_smc/inst/s00_entry_pipeline/s00_si_converter/inst/gen_axilite_conv.axilite_conv_inst/ar_addr_d[8]_i_1_n_0                                                      | Measure_i/axi_smc/inst/s00_entry_pipeline/s00_si_converter/inst/areset                                              |                5 |             10 |         2.00 |
|  Measure_i/processing_system7_0/inst/FCLK_CLK0        | Measure_i/axi_smc/inst/s00_entry_pipeline/s00_si_converter/inst/gen_axilite_conv.axilite_conv_inst/aw_addr[8]_i_1_n_0                                                        | Measure_i/axi_smc/inst/s00_entry_pipeline/s00_si_converter/inst/areset                                              |                7 |             12 |         1.71 |
|  Measure_i/processing_system7_0/inst/FCLK_CLK0        | Measure_i/axi_smc/inst/s00_entry_pipeline/s00_transaction_regulator/inst/gen_endpoint.gen_w_singleorder.w_singleorder/gen_id_reg.s_rid_i0                                    |                                                                                                                     |                2 |             12 |         6.00 |
|  Measure_i/processing_system7_0/inst/FCLK_CLK0        | Measure_i/axi_smc/inst/s00_entry_pipeline/s00_mmu/inst/gen_endpoint.decerr_slave_inst/gen_axi.gen_read.s_axi_rid_i[11]_i_1_n_0                                               | Measure_i/axi_smc/inst/s00_entry_pipeline/s00_mmu/inst/areset                                                       |                3 |             12 |         4.00 |
|  Measure_i/processing_system7_0/inst/FCLK_CLK0        | Measure_i/axi_smc/inst/s00_entry_pipeline/s00_mmu/inst/gen_endpoint.decerr_slave_inst/gen_axi.gen_write.s_axi_bid_i[11]_i_1_n_0                                              | Measure_i/axi_smc/inst/s00_entry_pipeline/s00_mmu/inst/areset                                                       |                3 |             12 |         4.00 |
|  Measure_i/processing_system7_0/inst/FCLK_CLK0        | Measure_i/axi_smc/inst/s00_entry_pipeline/s00_transaction_regulator/inst/gen_endpoint.gen_r_singleorder.r_singleorder/gen_id_reg.s_rid_i0                                    |                                                                                                                     |                5 |             12 |         2.40 |
|  Measure_i/processing_system7_0/inst/FCLK_CLK0        |                                                                                                                                                                              | Measure_i/axi_smc/inst/s00_entry_pipeline/s00_si_converter/inst/areset                                              |               12 |             20 |         1.67 |
|  Measure_i/processing_system7_0/inst/FCLK_CLK0        |                                                                                                                                                                              | Measure_i/axi_smc/inst/s00_entry_pipeline/s00_mmu/inst/areset                                                       |               11 |             23 |         2.09 |
|  Measure_i/Top_Module_0/inst/u_sys_mmcm/inst/clk_out1 | Measure_i/Top_Module_0/inst/Freq_Measure/update_flag                                                                                                                         | Measure_i/Top_Module_0/inst/u_interval_measure/u_interval_counter/SR[0]                                             |                5 |             27 |         5.40 |
|  Measure_i/Top_Module_0/inst/u_sys_mmcm/inst/clk_out1 | Measure_i/Top_Module_0/inst/Time_Measure/E[0]                                                                                                                                | Measure_i/Top_Module_0/inst/Time_Measure/time_result[26]_i_1_n_0                                                    |                4 |             27 |         6.75 |
|  Measure_i/Top_Module_0/inst/u_sys_mmcm/inst/clk_out1 | Measure_i/Top_Module_0/inst/Time_Measure/E[0]                                                                                                                                | Measure_i/Top_Module_0/inst/Freq_Measure/edge_cnt[0]_i_1_n_0                                                        |                7 |             27 |         3.86 |
|  Measure_i/Top_Module_0/inst/u_sys_mmcm/inst/clk_out1 | Measure_i/Top_Module_0/inst/Time_Measure/time_cnt[26]_i_2_n_0                                                                                                                | Measure_i/Top_Module_0/inst/Time_Measure/time_cnt[26]_i_1_n_0                                                       |                9 |             27 |         3.00 |
|  Measure_i/Top_Module_0/inst/u_sys_mmcm/inst/clk_out1 | Measure_i/Top_Module_0/inst/u_interval_measure/u_interval_counter/l_cnt_tmp[28]_i_1__0_n_0                                                                                   | Measure_i/Top_Module_0/inst/u_interval_measure/u_interval_counter/SR[0]                                             |                7 |             29 |         4.14 |
|  Measure_i/Top_Module_0/inst/u_sys_mmcm/inst/clk_out1 |                                                                                                                                                                              | Measure_i/Top_Module_0/inst/Freq_Measure/timer_cnt[0]_i_1_n_0                                                       |                4 |             29 |         7.25 |
|  Measure_i/Top_Module_0/inst/u_sys_mmcm/inst/clk_out1 | Measure_i/Top_Module_0/inst/duty/h_cnt_tmp[28]_i_1_n_0                                                                                                                       | Measure_i/Top_Module_0/inst/duty/reset                                                                              |                6 |             29 |         4.83 |
|  Measure_i/Top_Module_0/inst/u_sys_mmcm/inst/clk_out1 | Measure_i/Top_Module_0/inst/duty/l_cnt_tmp[28]_i_1_n_0                                                                                                                       | Measure_i/Top_Module_0/inst/duty/reset                                                                              |                5 |             29 |         5.80 |
|  Measure_i/Top_Module_0/inst/u_sys_mmcm/inst/clk_out1 | Measure_i/Top_Module_0/inst/u_interval_measure/u_interval_counter/h_cnt_tmp[28]_i_1__0_n_0                                                                                   | Measure_i/Top_Module_0/inst/u_interval_measure/u_interval_counter/SR[0]                                             |                5 |             29 |         5.80 |
|  Measure_i/Top_Module_0/inst/u_sys_mmcm/inst/clk_out1 | Measure_i/Top_Module_0/inst/u_interval_measure/u_interval_counter/high_cnt_r_out[28]_i_1__0_n_0                                                                              | Measure_i/Top_Module_0/inst/u_interval_measure/u_interval_counter/SR[0]                                             |                6 |             29 |         4.83 |
|  Measure_i/processing_system7_0/inst/FCLK_CLK0        | Measure_i/axi_gpio_0/U0/AXI_LITE_IPIF_I/I_SLAVE_ATTACHMENT/I_DECODER/E[0]                                                                                                    | Measure_i/axi_gpio_0/U0/AXI_LITE_IPIF_I/I_SLAVE_ATTACHMENT/SR[0]                                                    |                6 |             32 |         5.33 |
|  Measure_i/processing_system7_0/inst/FCLK_CLK0        | Measure_i/axi_gpio_0/U0/AXI_LITE_IPIF_I/I_SLAVE_ATTACHMENT/I_DECODER/bus2ip_rnw_i_reg[0]                                                                                     | Measure_i/axi_gpio_0/U0/AXI_LITE_IPIF_I/I_SLAVE_ATTACHMENT/SR[0]                                                    |                7 |             32 |         4.57 |
|  Measure_i/processing_system7_0/inst/FCLK_CLK0        | Measure_i/axi_smc/inst/s00_entry_pipeline/s00_si_converter/inst/gen_axilite_conv.axilite_conv_inst/m_aruser                                                                  | Measure_i/axi_smc/inst/s00_entry_pipeline/s00_si_converter/inst/areset                                              |                8 |             32 |         4.00 |
|  Measure_i/processing_system7_0/inst/FCLK_CLK0        | Measure_i/axi_gpio_1/U0/AXI_LITE_IPIF_I/I_SLAVE_ATTACHMENT/I_DECODER/bus2ip_rnw_i_reg[0]                                                                                     | Measure_i/axi_gpio_1/U0/AXI_LITE_IPIF_I/I_SLAVE_ATTACHMENT/SR[0]                                                    |                7 |             32 |         4.57 |
|  Measure_i/processing_system7_0/inst/FCLK_CLK0        | Measure_i/axi_gpio_1/U0/AXI_LITE_IPIF_I/I_SLAVE_ATTACHMENT/s_axi_rresp_i                                                                                                     | Measure_i/axi_gpio_1/U0/AXI_LITE_IPIF_I/I_SLAVE_ATTACHMENT/SR[0]                                                    |                5 |             32 |         6.40 |
|  Measure_i/processing_system7_0/inst/FCLK_CLK0        | Measure_i/axi_gpio_0/U0/AXI_LITE_IPIF_I/I_SLAVE_ATTACHMENT/s_axi_rresp_i                                                                                                     | Measure_i/axi_gpio_0/U0/AXI_LITE_IPIF_I/I_SLAVE_ATTACHMENT/SR[0]                                                    |                7 |             32 |         4.57 |
|  Measure_i/processing_system7_0/inst/FCLK_CLK0        | Measure_i/axi_smc/inst/s00_entry_pipeline/s00_si_converter/inst/gen_axilite_conv.axilite_conv_inst/s_axi_rdata_i[31]_i_1_n_0                                                 | Measure_i/axi_smc/inst/s00_entry_pipeline/s00_si_converter/inst/areset                                              |                7 |             32 |         4.57 |
|  Measure_i/processing_system7_0/inst/FCLK_CLK0        | Measure_i/axi_gpio_1/U0/AXI_LITE_IPIF_I/I_SLAVE_ATTACHMENT/I_DECODER/E[0]                                                                                                    | Measure_i/axi_gpio_1/U0/AXI_LITE_IPIF_I/I_SLAVE_ATTACHMENT/SR[0]                                                    |                8 |             32 |         4.00 |
|  Measure_i/processing_system7_0/inst/FCLK_CLK0        | Measure_i/axi_smc/inst/switchboards/i_nodes/i_r_node/inst/inst_si_handler/gen_si_handler.gen_arbiter_rr_minimal_area.inst_arbiter/s_sc_valid                                 |                                                                                                                     |                5 |             32 |         6.40 |
|  Measure_i/processing_system7_0/inst/FCLK_CLK0        | Measure_i/axi_smc/inst/s00_entry_pipeline/s00_mmu/inst/ar_reg_stall/skid_buffer[1136]_i_1_n_0                                                                                |                                                                                                                     |                7 |             34 |         4.86 |
|  Measure_i/processing_system7_0/inst/FCLK_CLK0        | Measure_i/axi_smc/inst/s00_entry_pipeline/s00_mmu/inst/aw_reg_stall/m_vector_i                                                                                               |                                                                                                                     |                7 |             34 |         4.86 |
|  Measure_i/processing_system7_0/inst/FCLK_CLK0        | Measure_i/axi_smc/inst/s00_entry_pipeline/s00_mmu/inst/aw_reg_stall/skid_buffer[1136]_i_1__0_n_0                                                                             |                                                                                                                     |               10 |             34 |         3.40 |
|  Measure_i/processing_system7_0/inst/FCLK_CLK0        | Measure_i/axi_smc/inst/switchboards/i_nodes/i_w_node/inst/inst_mi_handler/gen_normal_area.inst_fifo_node_payld/gen_reg_fifo.inst_reg_fifo/gen_single_rank.data[54]_i_1_n_0   |                                                                                                                     |                6 |             34 |         5.67 |
|  Measure_i/Top_Module_0/inst/u_sys_mmcm/inst/clk_out1 |                                                                                                                                                                              |                                                                                                                     |               10 |             34 |         3.40 |
|  Measure_i/processing_system7_0/inst/FCLK_CLK0        | Measure_i/axi_smc/inst/s00_entry_pipeline/s00_mmu/inst/ar_reg_stall/m_vector_i                                                                                               |                                                                                                                     |                6 |             34 |         5.67 |
|  Measure_i/processing_system7_0/inst/FCLK_CLK0        |                                                                                                                                                                              | Measure_i/axi_gpio_1/U0/AXI_LITE_IPIF_I/I_SLAVE_ATTACHMENT/SR[0]                                                    |               18 |             47 |         2.61 |
|  Measure_i/processing_system7_0/inst/FCLK_CLK0        |                                                                                                                                                                              | Measure_i/axi_gpio_0/U0/AXI_LITE_IPIF_I/I_SLAVE_ATTACHMENT/SR[0]                                                    |               17 |             47 |         2.76 |
|  Measure_i/Top_Module_0/inst/u_sys_mmcm/inst/clk_out1 | Measure_i/Top_Module_0/inst/duty/high_cnt_r_out[28]_i_1_n_0                                                                                                                  | Measure_i/Top_Module_0/inst/duty/reset                                                                              |                9 |             58 |         6.44 |
|  Measure_i/processing_system7_0/inst/FCLK_CLK0        |                                                                                                                                                                              | Measure_i/axi_gpio_0/U0/AXI_LITE_IPIF_I/I_SLAVE_ATTACHMENT/I_DECODER/bus2ip_rnw_i_reg_0                             |               18 |             64 |         3.56 |
|  Measure_i/processing_system7_0/inst/FCLK_CLK0        |                                                                                                                                                                              | Measure_i/axi_gpio_1/U0/AXI_LITE_IPIF_I/I_SLAVE_ATTACHMENT/I_DECODER/bus2ip_rnw_i_reg_0                             |               20 |             64 |         3.20 |
|  Measure_i/processing_system7_0/inst/FCLK_CLK0        |                                                                                                                                                                              |                                                                                                                     |              194 |            819 |         4.22 |
+-------------------------------------------------------+------------------------------------------------------------------------------------------------------------------------------------------------------------------------------+---------------------------------------------------------------------------------------------------------------------+------------------+----------------+--------------+


