Copyright 1986-2022 Xilinx, Inc. All Rights Reserved. Copyright 2022-2025 Advanced Micro Devices, Inc. All Rights Reserved.
-------------------------------------------------------------------------------------------------------------------------------------------------------------------
| Tool Version     : Vivado v.2025.1 (win64) Build 6140274 Thu May 22 00:12:29 MDT 2025
| Date             : Thu Jan 29 20:08:58 2026
| Host             : JoeyBoy-MagicBook running 64-bit major release  (build 9200)
| Command          : report_power -file Measure_wrapper_power_routed.rpt -pb Measure_wrapper_power_summary_routed.pb -rpx Measure_wrapper_power_routed.rpx
| Design           : Measure_wrapper
| Device           : xc7z035ffg900-2
| Design State     : routed
| Grade            : commercial
| Process          : typical
| Characterization : Production
-------------------------------------------------------------------------------------------------------------------------------------------------------------------

Power Report

Table of Contents
-----------------
1. Summary
1.1 On-Chip Components
1.2 Power Supply Summary
1.3 Confidence Level
2. Settings
2.1 Environment
2.2 Clock Constraints
3. Detailed Reports
3.1 By Hierarchy

1. Summary
----------

+--------------------------+--------------+
| Total On-Chip Power (W)  | 1.924        |
| Design Power Budget (W)  | Unspecified* |
| Power Budget Margin (W)  | NA           |
| Dynamic (W)              | 1.701        |
| Device Static (W)        | 0.223        |
| Effective TJA (C/W)      | 1.8          |
| Max Ambient (C)          | 81.6         |
| Junction Temperature (C) | 28.4         |
| Confidence Level         | Low          |
| Setting File             | ---          |
| Simulation Activity File | ---          |
| Design Nets Matched      | NA           |
+--------------------------+--------------+
* Specify Design Power Budget using, set_operating_conditions -design_power_budget <value in Watts>


1.1 On-Chip Components
----------------------

+-------------------------+-----------+----------+-----------+-----------------+
| On-Chip                 | Power (W) | Used     | Available | Utilization (%) |
+-------------------------+-----------+----------+-----------+-----------------+
| Clocks                  |     0.018 |        5 |       --- |             --- |
| Slice Logic             |     0.003 |     4033 |       --- |             --- |
|   LUT as Logic          |     0.003 |     1079 |    171900 |            0.63 |
|   Register              |    <0.001 |     2203 |    343800 |            0.64 |
|   CARRY4                |    <0.001 |       61 |     54650 |            0.11 |
|   Others                |     0.000 |      360 |       --- |             --- |
|   LUT as Shift Register |     0.000 |        2 |     70400 |           <0.01 |
| Signals                 |     0.010 |     3126 |       --- |             --- |
| MMCM                    |     0.123 |        1 |         8 |           12.50 |
| I/O                     |     0.029 |       12 |       362 |            3.31 |
| PS7                     |     1.517 |        1 |       --- |             --- |
| Static Power            |     0.223 |          |           |                 |
| Total                   |     1.924 |          |           |                 |
+-------------------------+-----------+----------+-----------+-----------------+


1.2 Power Supply Summary
------------------------

+-----------+-------------+-----------+-------------+------------+-------------+-------------+------------+
| Source    | Voltage (V) | Total (A) | Dynamic (A) | Static (A) | Powerup (A) | Budget (A)  | Margin (A) |
+-----------+-------------+-----------+-------------+------------+-------------+-------------+------------+
| Vccint    |       1.000 |     0.091 |       0.033 |      0.058 |       NA    | Unspecified | NA         |
| Vccaux    |       1.800 |     0.109 |       0.069 |      0.040 |       NA    | Unspecified | NA         |
| Vcco33    |       3.300 |     0.009 |       0.008 |      0.001 |       NA    | Unspecified | NA         |
| Vcco25    |       2.500 |     0.000 |       0.000 |      0.000 |       NA    | Unspecified | NA         |
| Vcco18    |       1.800 |     0.000 |       0.000 |      0.000 |       NA    | Unspecified | NA         |
| Vcco15    |       1.500 |     0.000 |       0.000 |      0.000 |       NA    | Unspecified | NA         |
| Vcco135   |       1.350 |     0.000 |       0.000 |      0.000 |       NA    | Unspecified | NA         |
| Vcco12    |       1.200 |     0.000 |       0.000 |      0.000 |       NA    | Unspecified | NA         |
| Vccaux_io |       1.800 |     0.000 |       0.000 |      0.000 |       NA    | Unspecified | NA         |
| Vccbram   |       1.000 |     0.002 |       0.000 |      0.002 |       NA    | Unspecified | NA         |
| MGTAVcc   |       1.000 |     0.000 |       0.000 |      0.000 |       NA    | Unspecified | NA         |
| MGTAVtt   |       1.200 |     0.000 |       0.000 |      0.000 |       NA    | Unspecified | NA         |
| MGTVccaux |       1.800 |     0.000 |       0.000 |      0.000 |       NA    | Unspecified | NA         |
| Vccpint   |       1.000 |     0.734 |       0.716 |      0.018 |       NA    | Unspecified | NA         |
| Vccpaux   |       1.800 |     0.060 |       0.050 |      0.010 |       NA    | Unspecified | NA         |
| Vccpll    |       1.800 |     0.017 |       0.014 |      0.003 |       NA    | Unspecified | NA         |
| Vcco_ddr  |       1.500 |     0.459 |       0.457 |      0.002 |       NA    | Unspecified | NA         |
| Vcco_mio0 |       3.300 |     0.001 |       0.000 |      0.001 |       NA    | Unspecified | NA         |
| Vcco_mio1 |       3.300 |     0.001 |       0.000 |      0.001 |       NA    | Unspecified | NA         |
| Vccadc    |       1.800 |     0.020 |       0.000 |      0.020 |       NA    | Unspecified | NA         |
+-----------+-------------+-----------+-------------+------------+-------------+-------------+------------+


1.3 Confidence Level
--------------------

+-----------------------------+------------+--------------------------------------------------------+------------------------------------------------------------------------------------------------------------+
| User Input Data             | Confidence | Details                                                | Action                                                                                                     |
+-----------------------------+------------+--------------------------------------------------------+------------------------------------------------------------------------------------------------------------+
| Design implementation state | High       | Design is routed                                       |                                                                                                            |
| Clock nodes activity        | High       | User specified more than 95% of clocks                 |                                                                                                            |
| I/O nodes activity          | Low        | More than 75% of inputs are missing user specification | Provide missing input activity with simulation results or by editing the "By Resource Type -> I/Os" view   |
| Internal nodes activity     | Medium     | User specified less than 25% of internal nodes         | Provide missing internal nodes activity with simulation results or by editing the "By Resource Type" views |
| Device models               | High       | Device models are Production                           |                                                                                                            |
|                             |            |                                                        |                                                                                                            |
| Overall confidence level    | Low        |                                                        |                                                                                                            |
+-----------------------------+------------+--------------------------------------------------------+------------------------------------------------------------------------------------------------------------+


2. Settings
-----------

2.1 Environment
---------------

+-----------------------+--------------------------+
| Ambient Temp (C)      | 25.0                     |
| ThetaJA (C/W)         | 1.8                      |
| Airflow (LFM)         | 250                      |
| Heat Sink             | medium (Medium Profile)  |
| ThetaSA (C/W)         | 3.3                      |
| Board Selection       | medium (10"x10")         |
| # of Board Layers     | 12to15 (12 to 15 Layers) |
| Board Temperature (C) | 25.0                     |
+-----------------------+--------------------------+


2.2 Clock Constraints
---------------------

+--------------------+----------------------------------------------------------------+-----------------+
| Clock              | Domain                                                         | Constraint (ns) |
+--------------------+----------------------------------------------------------------+-----------------+
| clk_fpga_0         | Measure_i/processing_system7_0/inst/FCLK_CLK_unbuffered[0]     |            20.0 |
| clk_out1_clk_wiz_0 | Measure_i/Top_Module_0/inst/u_sys_mmcm/inst/clk_out1_clk_wiz_0 |             2.5 |
| clkfbout_clk_wiz_0 | Measure_i/Top_Module_0/inst/u_sys_mmcm/inst/clkfbout_clk_wiz_0 |            20.0 |
+--------------------+----------------------------------------------------------------+-----------------+


3. Detailed Reports
-------------------

3.1 By Hierarchy
----------------

+--------------------------+-----------+
| Name                     | Power (W) |
+--------------------------+-----------+
| Measure_wrapper          |     1.701 |
|   GPIO_0_0_tri_iobuf_0   |     0.003 |
|   GPIO_0_0_tri_iobuf_1   |     0.003 |
|   GPIO_0_0_tri_iobuf_2   |     0.003 |
|   GPIO_0_0_tri_iobuf_3   |     0.003 |
|   Measure_i              |     1.670 |
|     Top_Module_0         |     0.142 |
|       inst               |     0.142 |
|     axi_gpio_0           |     0.002 |
|       U0                 |     0.002 |
|     axi_gpio_1           |     0.002 |
|       U0                 |     0.002 |
|     axi_smc              |     0.004 |
|       inst               |     0.004 |
|     processing_system7_0 |     1.520 |
|       inst               |     1.520 |
|   SPI_0_0_io0_iobuf      |     0.003 |
|   SPI_0_0_io1_iobuf      |     0.003 |
|   SPI_0_0_sck_iobuf      |     0.003 |
|   SPI_0_0_ss_iobuf       |     0.003 |
+--------------------------+-----------+


